# JRE version: Java(TM) SE Runtime Environment (20.0.1+9) (build 20.0.1+9-29)
# Java VM: Java HotSpot(TM) 64-Bit Server VM (20.0.1+9-29, mixed mode, sharing, tiered, compressed oops, compressed class ptrs, g1 gc, windows-amd64)
GC Precious Log:
 CardTable entry size: 512
 Card Set container configuration: InlinePtr #cards 5 size 8 Array Of Cards #cards 12 size 40 Howl #buckets 4 coarsen threshold 1843 Howl Bitmap #cards 512 size 80 coarsen threshold 460 Card regions per heap region 1 cards per card region 2048
 CPUs: 4 total, 4 available
 Memory: 3992M
 Large Page Support: Disabled
 NUMA Support: Disabled
 Compressed Oops: Enabled (32-bit)
 Heap Region Size: 1M
 Heap Min Capacity: 8M
 Heap Initial Capacity: 64M
 Heap Max Capacity: 1000M
 Pre-touch: Disabled
 Parallel Workers: 4
 Concurrent Workers: 1
 Concurrent Refinement Workers: 4
 Periodic GC: Disabled
Heap:
 garbage-first heap   total 51200K, used 40038K [0x00000000c1800000, 0x0000000100000000)
  region size 1024K, 23 young (23552K), 2 survivors (2048K)
 Metaspace       used 40648K, committed 41152K, reserved 1114112K
  class space    used 5081K, committed 5312K, reserved 1048576K
GC Heap History (16 events):
Event: 1.748 GC heap before
{Heap before GC invocations=0 (full 0):
 garbage-first heap   total 65536K, used 13312K [0x00000000c1800000, 0x0000000100000000)
  region size 1024K, 13 young (13312K), 0 survivors (0K)
 Metaspace       used 3183K, committed 3328K, reserved 1114112K
  class space    used 312K, committed 384K, reserved 1048576K
}
Event: 1.803 GC heap after
{Heap after GC invocations=1 (full 0):
 garbage-first heap   total 65536K, used 6912K [0x00000000c1800000, 0x0000000100000000)
  region size 1024K, 2 young (2048K), 2 survivors (2048K)
 Metaspace       used 3183K, committed 3328K, reserved 1114112K
  class space    used 312K, committed 384K, reserved 1048576K
}
Event: 3.084 GC heap before
{Heap before GC invocations=1 (full 0):
 garbage-first heap   total 65536K, used 18176K [0x00000000c1800000, 0x0000000100000000)
  region size 1024K, 13 young (13312K), 2 survivors (2048K)
 Metaspace       used 5709K, committed 5824K, reserved 1114112K
  class space    used 646K, committed 704K, reserved 1048576K
}
Event: 3.088 GC heap after
{Heap after GC invocations=2 (full 0):
 garbage-first heap   total 65536K, used 7692K [0x00000000c1800000, 0x0000000100000000)
  region size 1024K, 1 young (1024K), 1 survivors (1024K)
 Metaspace       used 5709K, committed 5824K, reserved 1114112K
  class space    used 646K, committed 704K, reserved 1048576K
}
Event: 4.702 GC heap before
{Heap before GC invocations=2 (full 0):
 garbage-first heap   total 65536K, used 32268K [0x00000000c1800000, 0x0000000100000000)
  region size 1024K, 26 young (26624K), 1 survivors (1024K)
 Metaspace       used 12594K, committed 12864K, reserved 1114112K
  class space    used 1463K, committed 1600K, reserved 1048576K
}
Event: 4.712 GC heap after
{Heap after GC invocations=3 (full 0):
 garbage-first heap   total 65536K, used 10068K [0x00000000c1800000, 0x0000000100000000)
  region size 1024K, 3 young (3072K), 3 survivors (3072K)
 Metaspace       used 12594K, committed 12864K, reserved 1114112K
  class space    used 1463K, committed 1600K, reserved 1048576K
}
Event: 7.614 GC heap before
{Heap before GC invocations=3 (full 0):
 garbage-first heap   total 65536K, used 44884K [0x00000000c1800000, 0x0000000100000000)
  region size 1024K, 38 young (38912K), 3 survivors (3072K)
 Metaspace       used 18663K, committed 18944K, reserved 1114112K
  class space    used 2206K, committed 2304K, reserved 1048576K
}
Event: 7.627 GC heap after
{Heap after GC invocations=4 (full 0):
 garbage-first heap   total 65536K, used 12743K [0x00000000c1800000, 0x0000000100000000)
  region size 1024K, 5 young (5120K), 5 survivors (5120K)
 Metaspace       used 18663K, committed 18944K, reserved 1114112K
  class space    used 2206K, committed 2304K, reserved 1048576K
}
Event: 8.900 GC heap before
{Heap before GC invocations=4 (full 0):
 garbage-first heap   total 65536K, used 28103K [0x00000000c1800000, 0x0000000100000000)
  region size 1024K, 21 young (21504K), 5 survivors (5120K)
 Metaspace       used 21219K, committed 21504K, reserved 1114112K
  class space    used 2541K, committed 2624K, reserved 1048576K
}
Event: 8.911 GC heap after
{Heap after GC invocations=5 (full 0):
 garbage-first heap   total 65536K, used 14098K [0x00000000c1800000, 0x0000000100000000)
  region size 1024K, 4 young (4096K), 4 survivors (4096K)
 Metaspace       used 21219K, committed 21504K, reserved 1114112K
  class space    used 2541K, committed 2624K, reserved 1048576K
}
Event: 10.507 GC heap before
{Heap before GC invocations=6 (full 0):
 garbage-first heap   total 51200K, used 39698K [0x00000000c1800000, 0x0000000100000000)
  region size 1024K, 30 young (30720K), 4 survivors (4096K)
 Metaspace       used 26741K, committed 27200K, reserved 1114112K
  class space    used 3305K, committed 3520K, reserved 1048576K
}
Event: 10.521 GC heap after
{Heap after GC invocations=7 (full 0):
 garbage-first heap   total 51200K, used 17261K [0x00000000c1800000, 0x0000000100000000)
  region size 1024K, 4 young (4096K), 4 survivors (4096K)
 Metaspace       used 26741K, committed 27200K, reserved 1114112K
  class space    used 3305K, committed 3520K, reserved 1048576K
}
Event: 11.824 GC heap before
{Heap before GC invocations=7 (full 0):
 garbage-first heap   total 51200K, used 39789K [0x00000000c1800000, 0x0000000100000000)
  region size 1024K, 26 young (26624K), 4 survivors (4096K)
 Metaspace       used 31089K, committed 31616K, reserved 1114112K
  class space    used 3841K, committed 4096K, reserved 1048576K
}
Event: 11.844 GC heap after
{Heap after GC invocations=8 (full 0):
 garbage-first heap   total 51200K, used 19375K [0x00000000c1800000, 0x0000000100000000)
  region size 1024K, 3 young (3072K), 3 survivors (3072K)
 Metaspace       used 31089K, committed 31616K, reserved 1114112K
  class space    used 3841K, committed 4096K, reserved 1048576K
}
Event: 13.451 GC heap before
{Heap before GC invocations=8 (full 0):
 garbage-first heap   total 51200K, used 31663K [0x00000000c1800000, 0x0000000100000000)
  region size 1024K, 16 young (16384K), 3 survivors (3072K)
 Metaspace       used 35477K, committed 35968K, reserved 1114112K
  class space    used 4412K, committed 4672K, reserved 1048576K
}
Event: 13.458 GC heap after
{Heap after GC invocations=9 (full 0):
 garbage-first heap   total 51200K, used 20582K [0x00000000c1800000, 0x0000000100000000)
  region size 1024K, 2 young (2048K), 2 survivors (2048K)
 Metaspace       used 35477K, committed 35968K, reserved 1114112K
  class space    used 4412K, committed 4672K, reserved 1048576K
}

